<?xml version="1.0" encoding="UTF-8"?>
<testsuite name="dpd.lab.voting.model.CandidateTest" tests="2" skipped="0" failures="0" errors="0" timestamp="2022-06-24T10:50:38" hostname="MAC-DDIAMANTE.local" time="0.002">
  <properties/>
  <testcase name="shouldReturnEqualCandidatesWithTheSameNames()" classname="dpd.lab.voting.model.CandidateTest" time="0.001"/>
  <testcase name="shouldReturnProperPreferenceObject()" classname="dpd.lab.voting.model.CandidateTest" time="0.001"/>
  <system-out><![CDATA[]]></system-out>
  <system-err><![CDATA[]]></system-err>
</testsuite>
