<?xml version="1.0" encoding="UTF-8"?>
<testsuite name="dpd.lab.voting.model.PriorityPreferenceTest" tests="2" skipped="0" failures="0" errors="0" timestamp="2022-06-24T15:23:52" hostname="MAC-DDIAMANTE.local" time="0.001">
  <properties/>
  <testcase name="differentPriorityPreferenceShouldNotBeEqual()" classname="dpd.lab.voting.model.PriorityPreferenceTest" time="0.0"/>
  <testcase name="samePriorityPreferenceShouldBeEqual()" classname="dpd.lab.voting.model.PriorityPreferenceTest" time="0.0"/>
  <system-out><![CDATA[]]></system-out>
  <system-err><![CDATA[]]></system-err>
</testsuite>
