<?xml version="1.0" encoding="UTF-8"?>
<testsuite name="dpd.lab.voting.model.PreferenceTest" tests="2" skipped="0" failures="0" errors="0" timestamp="2022-06-24T15:23:52" hostname="MAC-DDIAMANTE.local" time="0.002">
  <properties/>
  <testcase name="shouldBuildPreference()" classname="dpd.lab.voting.model.PreferenceTest" time="0.001"/>
  <testcase name="shouldHaveEqualPreferences()" classname="dpd.lab.voting.model.PreferenceTest" time="0.001"/>
  <system-out><![CDATA[]]></system-out>
  <system-err><![CDATA[]]></system-err>
</testsuite>
