<?xml version="1.0" encoding="UTF-8"?>
<testsuite name="dpd.lab.voting.model.BallotTest" tests="7" skipped="0" failures="0" errors="0" timestamp="2022-06-19T15:15:48" hostname="MAC-DDIAMANTE.local" time="0.061">
  <properties/>
  <testcase name="shouldNotAddVoteForTakenPriority()" classname="dpd.lab.voting.model.BallotTest" time="0.046"/>
  <testcase name="shouldChangeCandidatePreferencePriority()" classname="dpd.lab.voting.model.BallotTest" time="0.008"/>
  <testcase name="shouldSwapCandidatePreference()" classname="dpd.lab.voting.model.BallotTest" time="0.001"/>
  <testcase name="shouldNotChangePriorityForTakenPriority()" classname="dpd.lab.voting.model.BallotTest" time="0.001"/>
  <testcase name="shouldBuildBallotWithMultipleCandidates()" classname="dpd.lab.voting.model.BallotTest" time="0.001"/>
  <testcase name="shouldNotSwapWithNonExistingCandidates()" classname="dpd.lab.voting.model.BallotTest" time="0.001"/>
  <testcase name="shouldBuildBallotWithCandidate()" classname="dpd.lab.voting.model.BallotTest" time="0.001"/>
  <system-out><![CDATA[]]></system-out>
  <system-err><![CDATA[]]></system-err>
</testsuite>
