<?xml version="1.0" encoding="UTF-8"?>
<testsuite name="dpd.lab.voting.model.BallotTest" tests="9" skipped="0" failures="0" errors="0" timestamp="2022-06-24T15:23:52" hostname="MAC-DDIAMANTE.local" time="0.025">
  <properties/>
  <testcase name="shouldNotAddVoteForTakenPriority()" classname="dpd.lab.voting.model.BallotTest" time="0.003"/>
  <testcase name="shouldChangeCandidatePreferencePriority()" classname="dpd.lab.voting.model.BallotTest" time="0.009"/>
  <testcase name="shouldSwapCandidatePreference()" classname="dpd.lab.voting.model.BallotTest" time="0.001"/>
  <testcase name="shouldNotChangePriorityForTakenPriority()" classname="dpd.lab.voting.model.BallotTest" time="0.001"/>
  <testcase name="shouldRemoveCandidateFromBallot()" classname="dpd.lab.voting.model.BallotTest" time="0.001"/>
  <testcase name="shouldBuildBallotWithMultipleCandidates()" classname="dpd.lab.voting.model.BallotTest" time="0.001"/>
  <testcase name="shouldNotSwapWithNonExistingCandidates()" classname="dpd.lab.voting.model.BallotTest" time="0.001"/>
  <testcase name="shouldBuildBallotWithMultipleCandidatesInProperOrderOfPreference()" classname="dpd.lab.voting.model.BallotTest" time="0.001"/>
  <testcase name="shouldBuildBallotWithCandidate()" classname="dpd.lab.voting.model.BallotTest" time="0.001"/>
  <system-out><![CDATA[]]></system-out>
  <system-err><![CDATA[]]></system-err>
</testsuite>
